#
# There is insufficient memory for the Java Runtime Environment to continue.
# Native memory allocation (malloc) failed to allocate 1319216 bytes for Chunk::new
# Possible reasons:
#   The system is out of physical RAM or swap space
#   The process is running with CompressedOops enabled, and the Java Heap may be blocking the growth of the native heap
# Possible solutions:
#   Reduce memory load on the system
#   Increase physical memory or swap space
#   Check if swap backing store is full
#   Decrease Java heap size (-Xmx/-Xms)
#   Decrease number of Java threads
#   Decrease Java thread stack sizes (-Xss)
#   Set larger code cache with -XX:ReservedCodeCacheSize=
#   JVM is running with Unscaled Compressed Oops mode in which the Java heap is
#     placed in the first 4GB address space. The Java Heap base address is the
#     maximum limit for the native heap growth. Please use -XX:HeapBaseMinAddress
#     to set the Java Heap base and to place the Java Heap above 4GB virtual address.
# This output file may be truncated or incomplete.
#
#  Out of Memory Error (allocation.cpp:389), pid=9536, tid=0x0000000000003350
#
# JRE version: OpenJDK Runtime Environment (8.0_242-b01) (build 1.8.0_242-release-1644-b01)
# Java VM: OpenJDK 64-Bit Server VM (25.242-b01 mixed mode windows-amd64 compressed oops)
# Failed to write core dump. Minidumps are not enabled by default on client versions of Windows
#

---------------  T H R E A D  ---------------

Current thread (0x0000000017f4b800):  JavaThread "C2 CompilerThread1" daemon [_thread_in_native, id=13136, stack(0x0000000019690000,0x0000000019790000)]

Stack: [0x0000000019690000,0x0000000019790000]
[error occurred during error reporting (printing stack bounds), id 0xc0000005]

Native frames: (J=compiled Java code, j=interpreted, Vv=VM code, C=native code)


Current CompileTask:
C2:   3663 1506   !   4       java.net.URLClassLoader$1::run (63 bytes)


---------------  P R O C E S S  ---------------

Java Threads: ( => current thread )
  0x0000000017f5c800 JavaThread "Cache worker for file hash cache (C:\Users\Bagneid\.gradle\caches\6.5\fileHashes)" [_thread_blocked, id=14648, stack(0x000000001e0d0000,0x000000001e1d0000)]
  0x0000000017f5d800 JavaThread "File lock request listener" [_thread_in_native, id=15424, stack(0x000000001deb0000,0x000000001dfb0000)]
  0x000000001a313000 JavaThread "Cache worker for journal cache (C:\Users\Bagneid\.gradle\caches\journal-1)" [_thread_blocked, id=14020, stack(0x000000001dcb0000,0x000000001ddb0000)]
  0x000000001a138000 JavaThread "Thread-9" [_thread_blocked, id=15348, stack(0x000000001d9b0000,0x000000001dab0000)]
  0x000000001b400000 JavaThread "Stdin handler" [_thread_blocked, id=14140, stack(0x000000001d8b0000,0x000000001d9b0000)]
  0x000000001a9f9800 JavaThread "Asynchronous log dispatcher for DefaultDaemonConnection: socket connection from /127.0.0.1:18746 to /127.0.0.1:18747" [_thread_blocked, id=2408, stack(0x000000001d7b0000,0x000000001d8b0000)]
  0x000000001a9f9000 JavaThread "Daemon worker" [_thread_in_vm, id=5484, stack(0x000000001d6b0000,0x000000001d7b0000)]
  0x000000001b923000 JavaThread "Cancel handler" [_thread_blocked, id=15568, stack(0x000000001d5b0000,0x000000001d6b0000)]
  0x000000001b8fd800 JavaThread "Daemon periodic checks" [_thread_blocked, id=12960, stack(0x000000001d4b0000,0x000000001d5b0000)]
  0x000000001b8d7800 JavaThread "Handler for socket connection from /127.0.0.1:18746 to /127.0.0.1:18747" [_thread_in_native, id=12364, stack(0x000000001d1b0000,0x000000001d2b0000)]
  0x000000001b8e0800 JavaThread "Daemon" [_thread_blocked, id=12732, stack(0x000000001d0b0000,0x000000001d1b0000)]
  0x000000001b878800 JavaThread "Incoming local TCP Connector on port 18746" [_thread_in_native, id=17688, stack(0x000000001ce70000,0x000000001cf70000)]
  0x0000000019ec5000 JavaThread "Daemon health stats" [_thread_blocked, id=12712, stack(0x000000001c830000,0x000000001c930000)]
  0x00000000198d2800 JavaThread "Service Thread" daemon [_thread_blocked, id=8452, stack(0x0000000019c90000,0x0000000019d90000)]
  0x0000000017f5c000 JavaThread "C1 CompilerThread2" daemon [_thread_blocked, id=14208, stack(0x0000000019790000,0x0000000019890000)]
=>0x0000000017f4b800 JavaThread "C2 CompilerThread1" daemon [_thread_in_native, id=13136, stack(0x0000000019690000,0x0000000019790000)]
  0x0000000017f47000 JavaThread "C2 CompilerThread0" daemon [_thread_in_native, id=3152, stack(0x0000000019590000,0x0000000019690000)]
  0x0000000017f44800 JavaThread "Attach Listener" daemon [_thread_blocked, id=12488, stack(0x0000000019490000,0x0000000019590000)]
  0x0000000017f41000 JavaThread "Signal Dispatcher" daemon [_thread_blocked, id=8504, stack(0x0000000019390000,0x0000000019490000)]
  0x000000000331b000 JavaThread "Finalizer" daemon [_thread_blocked, id=15204, stack(0x0000000019190000,0x0000000019290000)]
  0x0000000017f29000 JavaThread "Reference Handler" daemon [_thread_blocked, id=15900, stack(0x0000000019090000,0x0000000019190000)]
  0x000000000321e800 JavaThread "main" [_thread_blocked, id=13484, stack(0x00000000030e0000,0x00000000031e0000)]

Other Threads:
  0x0000000017f06800 VMThread [stack: 0x0000000018f90000,0x0000000019090000] [id=15296]
  0x0000000017f87000 WatcherThread [stack: 0x0000000019d90000,0x0000000019e90000] [id=5564]

VM state:not at safepoint (normal execution)

VM Mutex/Monitor currently owned by a thread: None

heap address: 0x0000000080000000, size: 2048 MB, Compressed Oops mode: 32-bit
Narrow klass base: 0x0000000000000000, Narrow klass shift: 3
Compressed class space size: 1073741824 Address: 0x0000000100000000

Heap:
 PSYoungGen      total 53248K, used 22336K [0x00000000d5580000, 0x00000000dc780000, 0x0000000100000000)
  eden space 49152K, 37% used [0x00000000d5580000,0x00000000d67543c8,0x00000000d8580000)
  from space 4096K, 99% used [0x00000000d8580000,0x00000000d897c030,0x00000000d8980000)
  to   space 9216K, 0% used [0x00000000dbe80000,0x00000000dbe80000,0x00000000dc780000)
 ParOldGen       total 65536K, used 6612K [0x0000000080000000, 0x0000000084000000, 0x00000000d5580000)
  object space 65536K, 10% used [0x0000000080000000,0x0000000080675230,0x0000000084000000)
 Metaspace       used 17599K, capacity 18232K, committed 18560K, reserved 1064960K
  class space    used 2408K, capacity 2628K, committed 2688K, reserved 1048576K

Card table byte_map: [0x00000000126e0000,0x0000000012af0000] byte_map_base: 0x00000000122e0000

Marking Bits: (ParMarkBitMap*) 0x000000006e5ff030
 Begin Bits: [0x00000000131a0000, 0x00000000151a0000)
 End Bits:   [0x00000000151a0000, 0x00000000171a0000)

Polling page: 0x0000000000ff0000

CodeCache: size=245760Kb used=5602Kb max_used=5602Kb free=240157Kb
 bounds [0x0000000003320000, 0x00000000038a0000, 0x0000000012320000]
 total_blobs=2008 nmethods=1605 adapters=316
 compilation: enabled

Compilation events (10 events):
Event: 3.604 Thread 0x0000000017f5c000 1557       3       java.lang.StringBuilder::append (10 bytes)
Event: 3.604 Thread 0x0000000017f5c000 nmethod 1557 0x0000000003881ed0 code [0x0000000003882040, 0x00000000038821c8]
Event: 3.604 Thread 0x0000000017f5c000 1558       1       com.google.common.io.LineReader::access$000 (5 bytes)
Event: 3.605 Thread 0x0000000017f5c000 nmethod 1558 0x0000000003882250 code [0x00000000038823a0, 0x0000000003882490]
Event: 3.605 Thread 0x0000000017f5c000 1559       3       java.net.URLConnection::<init> (44 bytes)
Event: 3.606 Thread 0x0000000017f5c000 nmethod 1559 0x0000000003882510 code [0x0000000003882680, 0x0000000003882890]
Event: 3.606 Thread 0x0000000017f5c000 1560  s    3       java.io.ExpiringCache::get (39 bytes)
Event: 3.606 Thread 0x0000000017f5c000 nmethod 1560 0x0000000003882950 code [0x0000000003882ae0, 0x0000000003882f18]
Event: 3.618 Thread 0x0000000017f5c000 1561       3       com.google.common.base.Preconditions::checkNotNull (14 bytes)
Event: 3.618 Thread 0x0000000017f5c000 nmethod 1561 0x0000000003883250 code [0x00000000038833c0, 0x00000000038835e8]

GC Heap History (10 events):
Event: 0.913 GC heap before
{Heap before GC invocations=1 (full 0):
 PSYoungGen      total 28672K, used 24576K [0x00000000d5580000, 0x00000000d7580000, 0x0000000100000000)
  eden space 24576K, 100% used [0x00000000d5580000,0x00000000d6d80000,0x00000000d6d80000)
  from space 4096K, 0% used [0x00000000d7180000,0x00000000d7180000,0x00000000d7580000)
  to   space 4096K, 0% used [0x00000000d6d80000,0x00000000d6d80000,0x00000000d7180000)
 ParOldGen       total 65536K, used 0K [0x0000000080000000, 0x0000000084000000, 0x00000000d5580000)
  object space 65536K, 0% used [0x0000000080000000,0x0000000080000000,0x0000000084000000)
 Metaspace       used 6585K, capacity 6860K, committed 7168K, reserved 1056768K
  class space    used 811K, capacity 908K, committed 1024K, reserved 1048576K
Event: 0.919 GC heap after
Heap after GC invocations=1 (full 0):
 PSYoungGen      total 28672K, used 3373K [0x00000000d5580000, 0x00000000d7580000, 0x0000000100000000)
  eden space 24576K, 0% used [0x00000000d5580000,0x00000000d5580000,0x00000000d6d80000)
  from space 4096K, 82% used [0x00000000d6d80000,0x00000000d70cb7d0,0x00000000d7180000)
  to   space 4096K, 0% used [0x00000000d7180000,0x00000000d7180000,0x00000000d7580000)
 ParOldGen       total 65536K, used 8K [0x0000000080000000, 0x0000000084000000, 0x00000000d5580000)
  object space 65536K, 0% used [0x0000000080000000,0x0000000080002000,0x0000000084000000)
 Metaspace       used 6585K, capacity 6860K, committed 7168K, reserved 1056768K
  class space    used 811K, capacity 908K, committed 1024K, reserved 1048576K
}
Event: 1.252 GC heap before
{Heap before GC invocations=2 (full 0):
 PSYoungGen      total 28672K, used 27949K [0x00000000d5580000, 0x00000000d7580000, 0x0000000100000000)
  eden space 24576K, 100% used [0x00000000d5580000,0x00000000d6d80000,0x00000000d6d80000)
  from space 4096K, 82% used [0x00000000d6d80000,0x00000000d70cb7d0,0x00000000d7180000)
  to   space 4096K, 0% used [0x00000000d7180000,0x00000000d7180000,0x00000000d7580000)
 ParOldGen       total 65536K, used 8K [0x0000000080000000, 0x0000000084000000, 0x00000000d5580000)
  object space 65536K, 0% used [0x0000000080000000,0x0000000080002000,0x0000000084000000)
 Metaspace       used 7263K, capacity 7506K, committed 7680K, reserved 1056768K
  class space    used 890K, capacity 973K, committed 1024K, reserved 1048576K
Event: 1.256 GC heap after
Heap after GC invocations=2 (full 0):
 PSYoungGen      total 28672K, used 3016K [0x00000000d5580000, 0x00000000d7580000, 0x0000000100000000)
  eden space 24576K, 0% used [0x00000000d5580000,0x00000000d5580000,0x00000000d6d80000)
  from space 4096K, 73% used [0x00000000d7180000,0x00000000d74721a8,0x00000000d7580000)
  to   space 4096K, 0% used [0x00000000d6d80000,0x00000000d6d80000,0x00000000d7180000)
 ParOldGen       total 65536K, used 16K [0x0000000080000000, 0x0000000084000000, 0x00000000d5580000)
  object space 65536K, 0% used [0x0000000080000000,0x0000000080004000,0x0000000084000000)
 Metaspace       used 7263K, capacity 7506K, committed 7680K, reserved 1056768K
  class space    used 890K, capacity 973K, committed 1024K, reserved 1048576K
}
Event: 1.483 GC heap before
{Heap before GC invocations=3 (full 0):
 PSYoungGen      total 28672K, used 27592K [0x00000000d5580000, 0x00000000d7580000, 0x0000000100000000)
  eden space 24576K, 100% used [0x00000000d5580000,0x00000000d6d80000,0x00000000d6d80000)
  from space 4096K, 73% used [0x00000000d7180000,0x00000000d74721a8,0x00000000d7580000)
  to   space 4096K, 0% used [0x00000000d6d80000,0x00000000d6d80000,0x00000000d7180000)
 ParOldGen       total 65536K, used 16K [0x0000000080000000, 0x0000000084000000, 0x00000000d5580000)
  object space 65536K, 0% used [0x0000000080000000,0x0000000080004000,0x0000000084000000)
 Metaspace       used 7661K, capacity 7914K, committed 8064K, reserved 1056768K
  class space    used 966K, capacity 1045K, committed 1152K, reserved 1048576K
Event: 1.488 GC heap after
Heap after GC invocations=3 (full 0):
 PSYoungGen      total 28672K, used 3649K [0x00000000d5580000, 0x00000000d8d80000, 0x0000000100000000)
  eden space 24576K, 0% used [0x00000000d5580000,0x00000000d5580000,0x00000000d6d80000)
  from space 4096K, 89% used [0x00000000d6d80000,0x00000000d7110608,0x00000000d7180000)
  to   space 4096K, 0% used [0x00000000d8980000,0x00000000d8980000,0x00000000d8d80000)
 ParOldGen       total 65536K, used 24K [0x0000000080000000, 0x0000000084000000, 0x00000000d5580000)
  object space 65536K, 0% used [0x0000000080000000,0x0000000080006000,0x0000000084000000)
 Metaspace       used 7661K, capacity 7914K, committed 8064K, reserved 1056768K
  class space    used 966K, capacity 1045K, committed 1152K, reserved 1048576K
}
Event: 2.624 GC heap before
{Heap before GC invocations=4 (full 0):
 PSYoungGen      total 28672K, used 28225K [0x00000000d5580000, 0x00000000d8d80000, 0x0000000100000000)
  eden space 24576K, 100% used [0x00000000d5580000,0x00000000d6d80000,0x00000000d6d80000)
  from space 4096K, 89% used [0x00000000d6d80000,0x00000000d7110608,0x00000000d7180000)
  to   space 4096K, 0% used [0x00000000d8980000,0x00000000d8980000,0x00000000d8d80000)
 ParOldGen       total 65536K, used 24K [0x0000000080000000, 0x0000000084000000, 0x00000000d5580000)
  object space 65536K, 0% used [0x0000000080000000,0x0000000080006000,0x0000000084000000)
 Metaspace       used 12002K, capacity 12368K, committed 12544K, reserved 1060864K
  class space    used 1595K, capacity 1726K, committed 1792K, reserved 1048576K
Event: 2.633 GC heap after
Heap after GC invocations=4 (full 0):
 PSYoungGen      total 53248K, used 4064K [0x00000000d5580000, 0x00000000d8d80000, 0x0000000100000000)
  eden space 49152K, 0% used [0x00000000d5580000,0x00000000d5580000,0x00000000d8580000)
  from space 4096K, 99% used [0x00000000d8980000,0x00000000d8d78020,0x00000000d8d80000)
  to   space 4096K, 0% used [0x00000000d8580000,0x00000000d8580000,0x00000000d8980000)
 ParOldGen       total 65536K, used 1734K [0x0000000080000000, 0x0000000084000000, 0x00000000d5580000)
  object space 65536K, 2% used [0x0000000080000000,0x00000000801b1b18,0x0000000084000000)
 Metaspace       used 12002K, capacity 12368K, committed 12544K, reserved 1060864K
  class space    used 1595K, capacity 1726K, committed 1792K, reserved 1048576K
}
Event: 3.383 GC heap before
{Heap before GC invocations=5 (full 0):
 PSYoungGen      total 53248K, used 53216K [0x00000000d5580000, 0x00000000d8d80000, 0x0000000100000000)
  eden space 49152K, 100% used [0x00000000d5580000,0x00000000d8580000,0x00000000d8580000)
  from space 4096K, 99% used [0x00000000d8980000,0x00000000d8d78020,0x00000000d8d80000)
  to   space 4096K, 0% used [0x00000000d8580000,0x00000000d8580000,0x00000000d8980000)
 ParOldGen       total 65536K, used 1734K [0x0000000080000000, 0x0000000084000000, 0x00000000d5580000)
  object space 65536K, 2% used [0x0000000080000000,0x00000000801b1b18,0x0000000084000000)
 Metaspace       used 16616K, capacity 17136K, committed 17280K, reserved 1064960K
  class space    used 2220K, capacity 2368K, committed 2432K, reserved 1048576K
Event: 3.406 GC heap after
Heap after GC invocations=5 (full 0):
 PSYoungGen      total 53248K, used 4080K [0x00000000d5580000, 0x00000000dc780000, 0x0000000100000000)
  eden space 49152K, 0% used [0x00000000d5580000,0x00000000d5580000,0x00000000d8580000)
  from space 4096K, 99% used [0x00000000d8580000,0x00000000d897c030,0x00000000d8980000)
  to   space 9216K, 0% used [0x00000000dbe80000,0x00000000dbe80000,0x00000000dc780000)
 ParOldGen       total 65536K, used 6612K [0x0000000080000000, 0x0000000084000000, 0x00000000d5580000)
  object space 65536K, 10% used [0x0000000080000000,0x0000000080675230,0x0000000084000000)
 Metaspace       used 16616K, capacity 17136K, committed 17280K, reserved 1064960K
  class space    used 2220K, capacity 2368K, committed 2432K, reserved 1048576K
}

Deoptimization events (10 events):
Event: 3.008 Thread 0x000000001a9f9000 Uncommon trap: reason=class_check action=maybe_recompile pc=0x0000000003643bd8 method=java.util.regex.Matcher.match(II)Z @ 86
Event: 3.009 Thread 0x000000001a9f9000 Uncommon trap: reason=class_check action=maybe_recompile pc=0x0000000003643bd8 method=java.util.regex.Matcher.match(II)Z @ 86
Event: 3.009 Thread 0x000000001a9f9000 Uncommon trap: reason=class_check action=maybe_recompile pc=0x00000000034dd1cc method=java.util.regex.Matcher.match(II)Z @ 86
Event: 3.160 Thread 0x000000001a9f9000 Uncommon trap: reason=unstable_if action=reinterpret pc=0x0000000003642f9c method=java.io.File.getName()Ljava/lang/String; @ 16
Event: 3.160 Thread 0x000000001a9f9000 Uncommon trap: reason=unstable_if action=reinterpret pc=0x000000000363b414 method=java.lang.String.substring(I)Ljava/lang/String; @ 35
Event: 3.534 Thread 0x000000001a9f9000 Uncommon trap: reason=unstable_if action=reinterpret pc=0x000000000363dc70 method=java.util.LinkedHashMap.afterNodeInsertion(Z)V @ 1
Event: 3.536 Thread 0x000000001a9f9000 Uncommon trap: reason=unstable_if action=reinterpret pc=0x000000000358c680 method=java.util.HashMap.getNode(ILjava/lang/Object;)Ljava/util/HashMap$Node; @ 129
Event: 3.536 Thread 0x000000001a9f9000 Uncommon trap: reason=bimorphic action=maybe_recompile pc=0x00000000037cc91c method=java.util.HashMap.putVal(ILjava/lang/Object;Ljava/lang/Object;ZZ)Ljava/lang/Object; @ 203
Event: 3.539 Thread 0x000000001a9f9000 Uncommon trap: reason=unstable_if action=reinterpret pc=0x0000000003581cc8 method=java.util.HashMap.getNode(ILjava/lang/Object;)Ljava/util/HashMap$Node; @ 129
Event: 3.539 Thread 0x000000001a9f9000 Uncommon trap: reason=bimorphic action=maybe_recompile pc=0x00000000037cc91c method=java.util.HashMap.putVal(ILjava/lang/Object;Ljava/lang/Object;ZZ)Ljava/lang/Object; @ 203

Classes redefined (0 events):
No events

Internal exceptions (10 events):
Event: 2.585 Thread 0x000000001b8d7800 Exception <a 'java/lang/NoSuchMethodError': <clinit>> (0x00000000d6ba1e08) thrown at [C:\src\AOSP-openjdk-git\hotspot\src\share\vm\prims\jni.cpp, line 1615]
Event: 2.589 Thread 0x000000001b8d7800 Exception <a 'java/lang/NoSuchMethodError': <clinit>> (0x00000000d6c6d398) thrown at [C:\src\AOSP-openjdk-git\hotspot\src\share\vm\prims\jni.cpp, line 1615]
Event: 2.602 Thread 0x000000001b8d7800 Exception <a 'java/lang/NoSuchMethodError': <clinit>> (0x00000000d6cda488) thrown at [C:\src\AOSP-openjdk-git\hotspot\src\share\vm\prims\jni.cpp, line 1615]
Event: 2.611 Thread 0x000000001b8d7800 Exception <a 'java/lang/NoSuchMethodError': <clinit>> (0x00000000d6d149c8) thrown at [C:\src\AOSP-openjdk-git\hotspot\src\share\vm\prims\jni.cpp, line 1615]
Event: 2.619 Thread 0x000000001b8d7800 Exception <a 'java/lang/NoSuchMethodError': <clinit>> (0x00000000d6d4a698) thrown at [C:\src\AOSP-openjdk-git\hotspot\src\share\vm\prims\jni.cpp, line 1615]
Event: 2.621 Thread 0x000000001b8d7800 Exception <a 'java/lang/NoSuchMethodError': <clinit>> (0x00000000d6d56bc8) thrown at [C:\src\AOSP-openjdk-git\hotspot\src\share\vm\prims\jni.cpp, line 1615]
Event: 3.215 Thread 0x000000001a9f9000 Exception <a 'java/lang/NoSuchMethodError': java.lang.Object.lambda$and$0(Ljava/util/function/Predicate;Ljava/lang/Object;)Z> (0x00000000d7a8f188) thrown at [C:\src\AOSP-openjdk-git\hotspot\src\share\vm\interpreter\linkResolver.cpp, line 620]
Event: 3.225 Thread 0x000000001a9f9000 Exception <a 'java/lang/IncompatibleClassChangeError': Found class java.lang.Object, but interface was expected> (0x00000000d7a9f480) thrown at [C:\src\AOSP-openjdk-git\hotspot\src\share\vm\interpreter\linkResolver.cpp, line 653]
Event: 3.228 Thread 0x000000001a9f9000 Exception <a 'java/lang/NoSuchMethodError': java.lang.Object.lambda$or$2(Ljava/util/function/Predicate;Ljava/lang/Object;)Z> (0x00000000d7aa3fd0) thrown at [C:\src\AOSP-openjdk-git\hotspot\src\share\vm\interpreter\linkResolver.cpp, line 620]
Event: 3.589 Thread 0x000000001a9f9000 Exception <a 'java/lang/NoSuchMethodError': java.lang.Object.lambda$static$0(Lorg/gradle/internal/state/ModelObject;)Ljava/lang/String;> (0x00000000d623a198) thrown at [C:\src\AOSP-openjdk-git\hotspot\src\share\vm\interpreter\linkResolver.cpp, line 620]

Events (10 events):
Event: 3.618 loading class com/google/common/base/Splitter$1
Event: 3.618 loading class com/google/common/base/Splitter$1 done
Event: 3.618 loading class com/google/common/base/Splitter$SplittingIterator
Event: 3.618 loading class com/google/common/base/Splitter$SplittingIterator done
Event: 3.619 loading class com/google/common/base/AbstractIterator
Event: 3.619 loading class com/google/common/base/AbstractIterator done
Event: 3.619 loading class com/google/common/base/Splitter$1$1
Event: 3.619 loading class com/google/common/base/Splitter$1$1 done
Event: 3.620 loading class com/google/common/base/AbstractIterator$State
Event: 3.620 loading class com/google/common/base/AbstractIterator$State done


Dynamic libraries:
0x00007ff64bfa0000 - 0x00007ff64bfd1000 	C:\Program Files\Android\Android Studio\jre\bin\java.exe
0x00007ffbeba20000 - 0x00007ffbebc10000 	C:\WINDOWS\SYSTEM32\ntdll.dll
0x00007ffbeb0b0000 - 0x00007ffbeb162000 	C:\WINDOWS\System32\KERNEL32.DLL
0x00007ffbe9500000 - 0x00007ffbe97a5000 	C:\WINDOWS\System32\KERNELBASE.dll
0x00007ffbe9f00000 - 0x00007ffbe9fa3000 	C:\WINDOWS\System32\ADVAPI32.dll
0x00007ffbe9ad0000 - 0x00007ffbe9b6e000 	C:\WINDOWS\System32\msvcrt.dll
0x00007ffbe9fb0000 - 0x00007ffbea047000 	C:\WINDOWS\System32\sechost.dll
0x00007ffbeb8c0000 - 0x00007ffbeb9df000 	C:\WINDOWS\System32\RPCRT4.dll
0x00007ffbea050000 - 0x00007ffbea1e4000 	C:\WINDOWS\System32\USER32.dll
0x00007ffbe8ca0000 - 0x00007ffbe8cc1000 	C:\WINDOWS\System32\win32u.dll
0x00007ffbeb860000 - 0x00007ffbeb886000 	C:\WINDOWS\System32\GDI32.dll
0x00007ffbe8a70000 - 0x00007ffbe8c08000 	C:\WINDOWS\System32\gdi32full.dll
0x00007ffbe98b0000 - 0x00007ffbe994e000 	C:\WINDOWS\System32\msvcp_win.dll
0x00007ffbe97b0000 - 0x00007ffbe98aa000 	C:\WINDOWS\System32\ucrtbase.dll
0x00007ffbd8880000 - 0x00007ffbd8b04000 	C:\WINDOWS\WinSxS\amd64_microsoft.windows.common-controls_6595b64144ccf1df_6.0.18362.1316_none_9e7a364fe461dbd7\COMCTL32.dll
0x00007ffbea770000 - 0x00007ffbeaaa7000 	C:\WINDOWS\System32\combase.dll
0x00007ffbe8c10000 - 0x00007ffbe8c91000 	C:\WINDOWS\System32\bcryptPrimitives.dll
0x00007ffbeab30000 - 0x00007ffbeab5e000 	C:\WINDOWS\System32\IMM32.DLL
0x00000000704c0000 - 0x0000000070592000 	C:\Program Files\Android\Android Studio\jre\jre\bin\msvcr100.dll
0x000000006de30000 - 0x000000006e67b000 	C:\Program Files\Android\Android Studio\jre\jre\bin\server\jvm.dll
0x00007ffbeab20000 - 0x00007ffbeab28000 	C:\WINDOWS\System32\PSAPI.DLL
0x00007ffbe3f00000 - 0x00007ffbe3f24000 	C:\WINDOWS\SYSTEM32\WINMM.dll
0x00007ffbe07d0000 - 0x00007ffbe07da000 	C:\WINDOWS\SYSTEM32\VERSION.dll
0x00007ffbd3e70000 - 0x00007ffbd3e79000 	C:\WINDOWS\SYSTEM32\WSOCK32.dll
0x00007ffbeaab0000 - 0x00007ffbeab1f000 	C:\WINDOWS\System32\WS2_32.dll
0x00007ffbe3ed0000 - 0x00007ffbe3efd000 	C:\WINDOWS\SYSTEM32\WINMMBASE.dll
0x00007ffbe8a00000 - 0x00007ffbe8a4a000 	C:\WINDOWS\System32\cfgmgr32.dll
0x00007ffbc5880000 - 0x00007ffbc588f000 	C:\Program Files\Android\Android Studio\jre\jre\bin\verify.dll
0x00007ffbc4a50000 - 0x00007ffbc4a79000 	C:\Program Files\Android\Android Studio\jre\jre\bin\java.dll
0x00007ffbc2a40000 - 0x00007ffbc2a56000 	C:\Program Files\Android\Android Studio\jre\jre\bin\zip.dll
0x00007ffbeb170000 - 0x00007ffbeb858000 	C:\WINDOWS\System32\SHELL32.dll
0x00007ffbe9d80000 - 0x00007ffbe9e27000 	C:\WINDOWS\System32\shcore.dll
0x00007ffbe8cd0000 - 0x00007ffbe944b000 	C:\WINDOWS\System32\windows.storage.dll
0x00007ffbe8970000 - 0x00007ffbe8993000 	C:\WINDOWS\System32\profapi.dll
0x00007ffbe8900000 - 0x00007ffbe894a000 	C:\WINDOWS\System32\powrprof.dll
0x00007ffbe88d0000 - 0x00007ffbe88e0000 	C:\WINDOWS\System32\UMPDC.dll
0x00007ffbea5d0000 - 0x00007ffbea622000 	C:\WINDOWS\System32\shlwapi.dll
0x00007ffbe88e0000 - 0x00007ffbe88f1000 	C:\WINDOWS\System32\kernel.appcore.dll
0x00007ffbe8a50000 - 0x00007ffbe8a67000 	C:\WINDOWS\System32\cryptsp.dll
0x00007ffbe2d10000 - 0x00007ffbe2d2a000 	C:\Program Files\Android\Android Studio\jre\jre\bin\net.dll
0x00007ffbe8110000 - 0x00007ffbe8177000 	C:\WINDOWS\system32\mswsock.dll
0x00007ffbcf510000 - 0x00007ffbcf523000 	C:\Program Files\Android\Android Studio\jre\jre\bin\nio.dll
0x00007ffbc4be0000 - 0x00007ffbc4c07000 	C:\Users\Bagneid\.gradle\native\f6784746aeab05261644944871eae4fe03e0ef1612fff0a4a95f87b438bc6780\windows-amd64\native-platform.dll
0x00007ffbe2d00000 - 0x00007ffbe2d0d000 	C:\Program Files\Android\Android Studio\jre\jre\bin\management.dll
0x00007ffbe7c90000 - 0x00007ffbe7cc3000 	C:\WINDOWS\system32\rsaenh.dll
0x00007ffbe9950000 - 0x00007ffbe9976000 	C:\WINDOWS\System32\bcrypt.dll
0x00007ffbe87f0000 - 0x00007ffbe8815000 	C:\WINDOWS\SYSTEM32\USERENV.dll
0x00007ffbe82e0000 - 0x00007ffbe82ec000 	C:\WINDOWS\SYSTEM32\CRYPTBASE.dll
0x00007ffbe7e20000 - 0x00007ffbe7e5a000 	C:\WINDOWS\SYSTEM32\IPHLPAPI.DLL
0x00007ffbeb8b0000 - 0x00007ffbeb8b8000 	C:\WINDOWS\System32\NSI.dll
0x00007ffbdf430000 - 0x00007ffbdf446000 	C:\WINDOWS\SYSTEM32\dhcpcsvc6.DLL
0x00007ffbe1c50000 - 0x00007ffbe1c6c000 	C:\WINDOWS\SYSTEM32\dhcpcsvc.DLL
0x00007ffbe7e60000 - 0x00007ffbe7f2b000 	C:\WINDOWS\SYSTEM32\DNSAPI.dll
0x00007ffbe2250000 - 0x00007ffbe225b000 	C:\WINDOWS\SYSTEM32\WINNSI.DLL

VM Arguments:
jvm_args: -Xmx2048m -Dfile.encoding=UTF-8 -Duser.country=US -Duser.language=en -Duser.variant 
java_command: org.gradle.launcher.daemon.bootstrap.GradleDaemon 6.5
java_class_path (initial): C:\Users\Bagneid\.gradle\wrapper\dists\gradle-6.5-bin\6nifqtx7604sqp1q6g8wikw7p\gradle-6.5\lib\gradle-launcher-6.5.jar
Launcher Type: SUN_STANDARD

Environment Variables:
PATH=C:\Program Files (x86)\Common Files\Oracle\Java\javapath;C:\Program Files\Common Files\Oracle\Java\javapath;C:\ProgramData\Oracle\Java\javapath;C:\WINDOWS\system32;C:\WINDOWS;C:\WINDOWS\System32\Wbem;C:\WINDOWS\System32\WindowsPowerShell\v1.0\;C:\Program Files (x86)\NVIDIA Corporation\PhysX\Common;C:\OrCAD\OrCAD_10.5\tools\Capture;C:\OrCAD\OrCAD_10.5\tools\specctra\bin;C:\OrCAD\OrCAD_10.5\tools\fet\bin;C:\OrCAD\OrCAD_10.5\tools\pcb\bin;C:\OrCAD\OrCAD_10.5\tools\PSpice\Library;C:\OrCAD\OrCAD_10.5\tools\bin;C:\WINDOWS\System32\OpenSSH\;C:\Program Files\MATLAB\R2018a\runtime\win64;C:\Program Files\MATLAB\R2018a\bin;C:\Program Files\Git\cmd;C:\Program Files\MySQL\MySQL Shell 8.0\bin\;C:\Users\Bagneid\AppData\Local\Microsoft\WindowsApps;
USERNAME=Bagneid
OS=Windows_NT
PROCESSOR_IDENTIFIER=Intel64 Family 6 Model 69 Stepping 1, GenuineIntel



---------------  S Y S T E M  ---------------

OS: Windows 10.0 , 64 bit Build 18362 (10.0.18362.1316)

CPU:total 4 (initial active 4) (2 cores per cpu, 2 threads per core) family 6 model 69 stepping 1, cmov, cx8, fxsr, mmx, sse, sse2, sse3, ssse3, sse4.1, sse4.2, popcnt, avx, avx2, aes, clmul, erms, lzcnt, ht, tsc, tscinvbit, bmi1, bmi2

Memory: 4k page, physical 6181144k(465964k free), swap 25055512k(5896k free)

vm_info: OpenJDK 64-Bit Server VM (25.242-b01) for windows-amd64 JRE (1.8.0_242-release-1644-b01), built by "builder" with MS VC++ 10.0 (VS2010)

time: Sat Feb 06 17:32:43 2021
timezone: Egypt Standard Time
elapsed time: 3 seconds (0d 0h 0m 3s)

